2015/05/10 08:55:17 [error] [exception.CException] exception 'CException' with message 'Property "CDbConnection.prefix" is not defined.' in /opt/lampp/htdocs/projects/timeTable/framework/base/CComponent.php:173
Stack trace:
#0 /opt/lampp/htdocs/projects/timeTable/framework/YiiBase.php(220): CComponent->__set('prefix', 'tt_')
#1 /opt/lampp/htdocs/projects/timeTable/framework/base/CModule.php(386): YiiBase::createComponent(Array)
#2 /opt/lampp/htdocs/projects/timeTable/framework/base/CModule.php(103): CModule->getComponent('db')
#3 /opt/lampp/htdocs/projects/timeTable/framework/gii/generators/model/ModelCode.php(60): CModule->__get('db')
#4 /opt/lampp/htdocs/projects/timeTable/framework/web/CFormModel.php(39): ModelCode->init()
#5 /opt/lampp/htdocs/projects/timeTable/framework/gii/CCodeGenerator.php(153): CFormModel->__construct()
#6 /opt/lampp/htdocs/projects/timeTable/framework/gii/CCodeGenerator.php(63): CCodeGenerator->prepare()
#7 /opt/lampp/htdocs/projects/timeTable/framework/web/actions/CInlineAction.php(49): CCodeGenerator->actionIndex()
#8 /opt/lampp/htdocs/projects/timeTable/framework/web/CController.php(308): CInlineAction->runWithParams(Array)
#9 /opt/lampp/htdocs/projects/timeTable/framework/web/CController.php(286): CController->runAction(Object(CInlineAction))
#10 /opt/lampp/htdocs/projects/timeTable/framework/web/CController.php(265): CController->runActionWithFilters(Object(CInlineAction), Array)
#11 /opt/lampp/htdocs/projects/timeTable/framework/web/CWebApplication.php(282): CController->run('index')
#12 /opt/lampp/htdocs/projects/timeTable/framework/web/CWebApplication.php(141): CWebApplication->runController('gii/model/index')
#13 /opt/lampp/htdocs/projects/timeTable/framework/base/CApplication.php(180): CWebApplication->processRequest()
#14 /opt/lampp/htdocs/projects/timeTable/index.php(13): CApplication->run()
#15 {main}
REQUEST_URI=/gii/model/index
HTTP_REFERER=http://timetable.dev/gii/default/index
---
2015/05/10 08:55:29 [error] [exception.CException] exception 'CException' with message 'Property "CDbConnection.prefix" is not defined.' in /opt/lampp/htdocs/projects/timeTable/framework/base/CComponent.php:173
Stack trace:
#0 /opt/lampp/htdocs/projects/timeTable/framework/YiiBase.php(220): CComponent->__set('prefix', 'tt_')
#1 /opt/lampp/htdocs/projects/timeTable/framework/base/CModule.php(386): YiiBase::createComponent(Array)
#2 /opt/lampp/htdocs/projects/timeTable/framework/base/CModule.php(103): CModule->getComponent('db')
#3 /opt/lampp/htdocs/projects/timeTable/framework/gii/generators/model/ModelCode.php(60): CModule->__get('db')
#4 /opt/lampp/htdocs/projects/timeTable/framework/web/CFormModel.php(39): ModelCode->init()
#5 /opt/lampp/htdocs/projects/timeTable/framework/gii/CCodeGenerator.php(153): CFormModel->__construct()
#6 /opt/lampp/htdocs/projects/timeTable/framework/gii/CCodeGenerator.php(63): CCodeGenerator->prepare()
#7 /opt/lampp/htdocs/projects/timeTable/framework/web/actions/CInlineAction.php(49): CCodeGenerator->actionIndex()
#8 /opt/lampp/htdocs/projects/timeTable/framework/web/CController.php(308): CInlineAction->runWithParams(Array)
#9 /opt/lampp/htdocs/projects/timeTable/framework/web/CController.php(286): CController->runAction(Object(CInlineAction))
#10 /opt/lampp/htdocs/projects/timeTable/framework/web/CController.php(265): CController->runActionWithFilters(Object(CInlineAction), Array)
#11 /opt/lampp/htdocs/projects/timeTable/framework/web/CWebApplication.php(282): CController->run('index')
#12 /opt/lampp/htdocs/projects/timeTable/framework/web/CWebApplication.php(141): CWebApplication->runController('gii/model/index')
#13 /opt/lampp/htdocs/projects/timeTable/framework/base/CApplication.php(180): CWebApplication->processRequest()
#14 /opt/lampp/htdocs/projects/timeTable/index.php(13): CApplication->run()
#15 {main}
REQUEST_URI=/gii/model/index
HTTP_REFERER=http://timetable.dev/gii
---
2015/05/10 08:55:48 [error] [exception.CException] exception 'CException' with message 'Property "CDbConnection.prefix" is not defined.' in /opt/lampp/htdocs/projects/timeTable/framework/base/CComponent.php:173
Stack trace:
#0 /opt/lampp/htdocs/projects/timeTable/framework/YiiBase.php(220): CComponent->__set('prefix', 'tt_')
#1 /opt/lampp/htdocs/projects/timeTable/framework/base/CModule.php(386): YiiBase::createComponent(Array)
#2 /opt/lampp/htdocs/projects/timeTable/framework/base/CModule.php(103): CModule->getComponent('db')
#3 /opt/lampp/htdocs/projects/timeTable/framework/gii/generators/model/ModelCode.php(60): CModule->__get('db')
#4 /opt/lampp/htdocs/projects/timeTable/framework/web/CFormModel.php(39): ModelCode->init()
#5 /opt/lampp/htdocs/projects/timeTable/framework/gii/CCodeGenerator.php(153): CFormModel->__construct()
#6 /opt/lampp/htdocs/projects/timeTable/framework/gii/CCodeGenerator.php(63): CCodeGenerator->prepare()
#7 /opt/lampp/htdocs/projects/timeTable/framework/web/actions/CInlineAction.php(49): CCodeGenerator->actionIndex()
#8 /opt/lampp/htdocs/projects/timeTable/framework/web/CController.php(308): CInlineAction->runWithParams(Array)
#9 /opt/lampp/htdocs/projects/timeTable/framework/web/CController.php(286): CController->runAction(Object(CInlineAction))
#10 /opt/lampp/htdocs/projects/timeTable/framework/web/CController.php(265): CController->runActionWithFilters(Object(CInlineAction), Array)
#11 /opt/lampp/htdocs/projects/timeTable/framework/web/CWebApplication.php(282): CController->run('index')
#12 /opt/lampp/htdocs/projects/timeTable/framework/web/CWebApplication.php(141): CWebApplication->runController('gii/model/index')
#13 /opt/lampp/htdocs/projects/timeTable/framework/base/CApplication.php(180): CWebApplication->processRequest()
#14 /opt/lampp/htdocs/projects/timeTable/index.php(13): CApplication->run()
#15 {main}
REQUEST_URI=/gii/model/index
HTTP_REFERER=http://timetable.dev/gii/default/index
---
2015/05/10 08:56:11 [error] [exception.CException] exception 'CException' with message 'Property "CDbConnection.prefix" is not defined.' in /opt/lampp/htdocs/projects/timeTable/framework/base/CComponent.php:173
Stack trace:
#0 /opt/lampp/htdocs/projects/timeTable/framework/YiiBase.php(220): CComponent->__set('prefix', 'tt_')
#1 /opt/lampp/htdocs/projects/timeTable/framework/base/CModule.php(386): YiiBase::createComponent(Array)
#2 /opt/lampp/htdocs/projects/timeTable/framework/base/CModule.php(103): CModule->getComponent('db')
#3 /opt/lampp/htdocs/projects/timeTable/framework/gii/generators/crud/CrudCode.php(44): CModule->__get('db')
#4 /opt/lampp/htdocs/projects/timeTable/framework/web/CFormModel.php(39): CrudCode->init()
#5 /opt/lampp/htdocs/projects/timeTable/framework/gii/CCodeGenerator.php(153): CFormModel->__construct()
#6 /opt/lampp/htdocs/projects/timeTable/framework/gii/CCodeGenerator.php(63): CCodeGenerator->prepare()
#7 /opt/lampp/htdocs/projects/timeTable/framework/web/actions/CInlineAction.php(49): CCodeGenerator->actionIndex()
#8 /opt/lampp/htdocs/projects/timeTable/framework/web/CController.php(308): CInlineAction->runWithParams(Array)
#9 /opt/lampp/htdocs/projects/timeTable/framework/web/CController.php(286): CController->runAction(Object(CInlineAction))
#10 /opt/lampp/htdocs/projects/timeTable/framework/web/CController.php(265): CController->runActionWithFilters(Object(CInlineAction), Array)
#11 /opt/lampp/htdocs/projects/timeTable/framework/web/CWebApplication.php(282): CController->run('index')
#12 /opt/lampp/htdocs/projects/timeTable/framework/web/CWebApplication.php(141): CWebApplication->runController('gii/crud/index')
#13 /opt/lampp/htdocs/projects/timeTable/framework/base/CApplication.php(180): CWebApplication->processRequest()
#14 /opt/lampp/htdocs/projects/timeTable/index.php(13): CApplication->run()
#15 {main}
REQUEST_URI=/gii/crud/index
HTTP_REFERER=http://timetable.dev/gii
---
2015/05/10 09:12:10 [error] [exception.CHttpException.404] exception 'CHttpException' with message 'Unable to resolve the request "favicon.ico".' in /opt/lampp/htdocs/projects/timeTable/framework/web/CWebApplication.php:286
Stack trace:
#0 /opt/lampp/htdocs/projects/timeTable/framework/web/CWebApplication.php(141): CWebApplication->runController('favicon.ico')
#1 /opt/lampp/htdocs/projects/timeTable/framework/base/CApplication.php(180): CWebApplication->processRequest()
#2 /opt/lampp/htdocs/projects/timeTable/index.php(13): CApplication->run()
#3 {main}
REQUEST_URI=/favicon.ico
HTTP_REFERER=http://timetable.dev/gii/model/index
---
2015/05/10 10:24:17 [error] [exception.CException] exception 'CException' with message 'Property "CDataColumn.firlter" is not defined.' in /opt/lampp/htdocs/projects/timeTable/framework/base/CComponent.php:173
Stack trace:
#0 /opt/lampp/htdocs/projects/timeTable/framework/YiiBase.php(220): CComponent->__set('firlter', '<select name="U...')
#1 /opt/lampp/htdocs/projects/timeTable/framework/zii/widgets/grid/CGridView.php(388): YiiBase::createComponent(Array, Object(CGridView))
#2 /opt/lampp/htdocs/projects/timeTable/framework/zii/widgets/grid/CGridView.php(359): CGridView->initColumns()
#3 /opt/lampp/htdocs/projects/timeTable/framework/web/CBaseController.php(147): CGridView->init()
#4 /opt/lampp/htdocs/projects/timeTable/framework/web/CBaseController.php(172): CBaseController->createWidget('zii.widgets.gri...', Array)
#5 /opt/lampp/htdocs/projects/timeTable/protected/views/user/admin.php(63): CBaseController->widget('zii.widgets.gri...', Array)
#6 /opt/lampp/htdocs/projects/timeTable/framework/web/CBaseController.php(126): require('/opt/lampp/htdo...')
#7 /opt/lampp/htdocs/projects/timeTable/framework/web/CBaseController.php(95): CBaseController->renderInternal('/opt/lampp/htdo...', Array, true)
#8 /opt/lampp/htdocs/projects/timeTable/framework/web/CController.php(869): CBaseController->renderFile('/opt/lampp/htdo...', Array, true)
#9 /opt/lampp/htdocs/projects/timeTable/framework/web/CController.php(782): CController->renderPartial('admin', Array, true)
#10 /opt/lampp/htdocs/projects/timeTable/protected/controllers/UserController.php(143): CController->render('admin', Array)
#11 /opt/lampp/htdocs/projects/timeTable/framework/web/actions/CInlineAction.php(49): UserController->actionAdmin()
#12 /opt/lampp/htdocs/projects/timeTable/framework/web/CController.php(308): CInlineAction->runWithParams(Array)
#13 /opt/lampp/htdocs/projects/timeTable/framework/web/filters/CFilterChain.php(133): CController->runAction(Object(CInlineAction))
#14 /opt/lampp/htdocs/projects/timeTable/framework/web/filters/CFilter.php(40): CFilterChain->run()
#15 /opt/lampp/htdocs/projects/timeTable/framework/web/CController.php(1145): CFilter->filter(Object(CFilterChain))
#16 /opt/lampp/htdocs/projects/timeTable/framework/web/filters/CInlineFilter.php(58): CController->filterAccessControl(Object(CFilterChain))
#17 /opt/lampp/htdocs/projects/timeTable/framework/web/filters/CFilterChain.php(130): CInlineFilter->filter(Object(CFilterChain))
#18 /opt/lampp/htdocs/projects/timeTable/framework/web/CController.php(291): CFilterChain->run()
#19 /opt/lampp/htdocs/projects/timeTable/framework/web/CController.php(265): CController->runActionWithFilters(Object(CInlineAction), Array)
#20 /opt/lampp/htdocs/projects/timeTable/framework/web/CWebApplication.php(282): CController->run('')
#21 /opt/lampp/htdocs/projects/timeTable/framework/web/CWebApplication.php(141): CWebApplication->runController('user')
#22 /opt/lampp/htdocs/projects/timeTable/framework/base/CApplication.php(180): CWebApplication->processRequest()
#23 /opt/lampp/htdocs/projects/timeTable/index.php(13): CApplication->run()
#24 {main}
REQUEST_URI=/user
HTTP_REFERER=http://timetable.dev/teacher
---
2015/05/10 12:20:43 [error] [exception.CHttpException.404] exception 'CHttpException' with message 'Unable to resolve the request "favicon.ico".' in /opt/lampp/htdocs/projects/timeTable/framework/web/CWebApplication.php:286
Stack trace:
#0 /opt/lampp/htdocs/projects/timeTable/framework/web/CWebApplication.php(141): CWebApplication->runController('favicon.ico')
#1 /opt/lampp/htdocs/projects/timeTable/framework/base/CApplication.php(180): CWebApplication->processRequest()
#2 /opt/lampp/htdocs/projects/timeTable/index.php(13): CApplication->run()
#3 {main}
REQUEST_URI=/favicon.ico
HTTP_REFERER=http://timetable.dev/group
---
2015/05/10 12:23:52 [error] [exception.CHttpException.404] exception 'CHttpException' with message 'Unable to resolve the request "favicon.ico".' in /opt/lampp/htdocs/projects/timeTable/framework/web/CWebApplication.php:286
Stack trace:
#0 /opt/lampp/htdocs/projects/timeTable/framework/web/CWebApplication.php(141): CWebApplication->runController('favicon.ico')
#1 /opt/lampp/htdocs/projects/timeTable/framework/base/CApplication.php(180): CWebApplication->processRequest()
#2 /opt/lampp/htdocs/projects/timeTable/index.php(13): CApplication->run()
#3 {main}
REQUEST_URI=/favicon.ico
HTTP_REFERER=http://timetable.dev/group
---
2015/05/10 14:43:59 [error] [exception.CHttpException.404] exception 'CHttpException' with message 'Unable to resolve the request "favicon.ico".' in /opt/lampp/htdocs/projects/timeTable/framework/web/CWebApplication.php:286
Stack trace:
#0 /opt/lampp/htdocs/projects/timeTable/framework/web/CWebApplication.php(141): CWebApplication->runController('favicon.ico')
#1 /opt/lampp/htdocs/projects/timeTable/framework/base/CApplication.php(180): CWebApplication->processRequest()
#2 /opt/lampp/htdocs/projects/timeTable/index.php(15): CApplication->run()
#3 {main}
REQUEST_URI=/favicon.ico
HTTP_REFERER=http://timetable.dev/
---
2015/05/10 14:46:20 [error] [exception.CDbException] exception 'CDbException' with message 'CDbConnection failed to open the DB connection: SQLSTATE[HY000] [2006] MySQL server has gone away' in /opt/lampp/htdocs/projects/timeTable/framework/db/CDbConnection.php:382
Stack trace:
#0 /opt/lampp/htdocs/projects/timeTable/framework/db/CDbConnection.php(330): CDbConnection->open()
#1 /opt/lampp/htdocs/projects/timeTable/framework/db/CDbConnection.php(308): CDbConnection->setActive(true)
#2 /opt/lampp/htdocs/projects/timeTable/framework/base/CModule.php(387): CDbConnection->init()
#3 /opt/lampp/htdocs/projects/timeTable/framework/base/CApplication.php(450): CModule->getComponent('db')
#4 /opt/lampp/htdocs/projects/timeTable/framework/db/ar/CActiveRecord.php(634): CApplication->getDb()
#5 /opt/lampp/htdocs/projects/timeTable/framework/db/ar/CActiveRecord.php(2361): CActiveRecord->getDbConnection()
#6 /opt/lampp/htdocs/projects/timeTable/framework/db/ar/CActiveRecord.php(411): CActiveRecordMetaData->__construct(Object(Lesson))
#7 /opt/lampp/htdocs/projects/timeTable/framework/db/ar/CActiveRecord.php(79): CActiveRecord->getMetaData()
#8 /opt/lampp/htdocs/projects/timeTable/protected/controllers/LessonController.php(136): CActiveRecord->__construct('search')
#9 /opt/lampp/htdocs/projects/timeTable/framework/web/actions/CInlineAction.php(49): LessonController->actionAdmin()
#10 /opt/lampp/htdocs/projects/timeTable/framework/web/CController.php(308): CInlineAction->runWithParams(Array)
#11 /opt/lampp/htdocs/projects/timeTable/framework/web/filters/CFilterChain.php(133): CController->runAction(Object(CInlineAction))
#12 /opt/lampp/htdocs/projects/timeTable/framework/web/filters/CFilter.php(40): CFilterChain->run()
#13 /opt/lampp/htdocs/projects/timeTable/framework/web/CController.php(1145): CFilter->filter(Object(CFilterChain))
#14 /opt/lampp/htdocs/projects/timeTable/framework/web/filters/CInlineFilter.php(58): CController->filterAccessControl(Object(CFilterChain))
#15 /opt/lampp/htdocs/projects/timeTable/framework/web/filters/CFilterChain.php(130): CInlineFilter->filter(Object(CFilterChain))
#16 /opt/lampp/htdocs/projects/timeTable/framework/web/CController.php(291): CFilterChain->run()
#17 /opt/lampp/htdocs/projects/timeTable/framework/web/CController.php(265): CController->runActionWithFilters(Object(CInlineAction), Array)
#18 /opt/lampp/htdocs/projects/timeTable/framework/web/CWebApplication.php(282): CController->run('')
#19 /opt/lampp/htdocs/projects/timeTable/framework/web/CWebApplication.php(141): CWebApplication->runController('lesson')
#20 /opt/lampp/htdocs/projects/timeTable/framework/base/CApplication.php(180): CWebApplication->processRequest()
#21 /opt/lampp/htdocs/projects/timeTable/index.php(15): CApplication->run()
#22 {main}
REQUEST_URI=/lesson
HTTP_REFERER=http://timetable.dev/
---
2015/05/10 14:46:30 [error] [exception.CDbException] exception 'CDbException' with message 'CDbConnection failed to open the DB connection: SQLSTATE[08006] [7] FATAL:  password authentication failed for user "admin"' in /opt/lampp/htdocs/projects/timeTable/framework/db/CDbConnection.php:382
Stack trace:
#0 /opt/lampp/htdocs/projects/timeTable/framework/db/CDbConnection.php(330): CDbConnection->open()
#1 /opt/lampp/htdocs/projects/timeTable/framework/db/CDbConnection.php(308): CDbConnection->setActive(true)
#2 /opt/lampp/htdocs/projects/timeTable/framework/base/CModule.php(387): CDbConnection->init()
#3 /opt/lampp/htdocs/projects/timeTable/framework/base/CApplication.php(450): CModule->getComponent('db')
#4 /opt/lampp/htdocs/projects/timeTable/framework/db/ar/CActiveRecord.php(634): CApplication->getDb()
#5 /opt/lampp/htdocs/projects/timeTable/framework/db/ar/CActiveRecord.php(2361): CActiveRecord->getDbConnection()
#6 /opt/lampp/htdocs/projects/timeTable/framework/db/ar/CActiveRecord.php(411): CActiveRecordMetaData->__construct(Object(Lesson))
#7 /opt/lampp/htdocs/projects/timeTable/framework/db/ar/CActiveRecord.php(79): CActiveRecord->getMetaData()
#8 /opt/lampp/htdocs/projects/timeTable/protected/controllers/LessonController.php(136): CActiveRecord->__construct('search')
#9 /opt/lampp/htdocs/projects/timeTable/framework/web/actions/CInlineAction.php(49): LessonController->actionAdmin()
#10 /opt/lampp/htdocs/projects/timeTable/framework/web/CController.php(308): CInlineAction->runWithParams(Array)
#11 /opt/lampp/htdocs/projects/timeTable/framework/web/filters/CFilterChain.php(133): CController->runAction(Object(CInlineAction))
#12 /opt/lampp/htdocs/projects/timeTable/framework/web/filters/CFilter.php(40): CFilterChain->run()
#13 /opt/lampp/htdocs/projects/timeTable/framework/web/CController.php(1145): CFilter->filter(Object(CFilterChain))
#14 /opt/lampp/htdocs/projects/timeTable/framework/web/filters/CInlineFilter.php(58): CController->filterAccessControl(Object(CFilterChain))
#15 /opt/lampp/htdocs/projects/timeTable/framework/web/filters/CFilterChain.php(130): CInlineFilter->filter(Object(CFilterChain))
#16 /opt/lampp/htdocs/projects/timeTable/framework/web/CController.php(291): CFilterChain->run()
#17 /opt/lampp/htdocs/projects/timeTable/framework/web/CController.php(265): CController->runActionWithFilters(Object(CInlineAction), Array)
#18 /opt/lampp/htdocs/projects/timeTable/framework/web/CWebApplication.php(282): CController->run('')
#19 /opt/lampp/htdocs/projects/timeTable/framework/web/CWebApplication.php(141): CWebApplication->runController('lesson')
#20 /opt/lampp/htdocs/projects/timeTable/framework/base/CApplication.php(180): CWebApplication->processRequest()
#21 /opt/lampp/htdocs/projects/timeTable/index.php(15): CApplication->run()
#22 {main}
REQUEST_URI=/lesson
HTTP_REFERER=http://timetable.dev/
---
2015/05/10 14:47:45 [error] [exception.CDbException] exception 'CDbException' with message 'The table "{{lesson}}" for active record class "Lesson" cannot be found in the database.' in /opt/lampp/htdocs/projects/timeTable/framework/db/ar/CActiveRecord.php:2362
Stack trace:
#0 /opt/lampp/htdocs/projects/timeTable/framework/db/ar/CActiveRecord.php(411): CActiveRecordMetaData->__construct(Object(Lesson))
#1 /opt/lampp/htdocs/projects/timeTable/framework/db/ar/CActiveRecord.php(79): CActiveRecord->getMetaData()
#2 /opt/lampp/htdocs/projects/timeTable/protected/controllers/LessonController.php(136): CActiveRecord->__construct('search')
#3 /opt/lampp/htdocs/projects/timeTable/framework/web/actions/CInlineAction.php(49): LessonController->actionAdmin()
#4 /opt/lampp/htdocs/projects/timeTable/framework/web/CController.php(308): CInlineAction->runWithParams(Array)
#5 /opt/lampp/htdocs/projects/timeTable/framework/web/filters/CFilterChain.php(133): CController->runAction(Object(CInlineAction))
#6 /opt/lampp/htdocs/projects/timeTable/framework/web/filters/CFilter.php(40): CFilterChain->run()
#7 /opt/lampp/htdocs/projects/timeTable/framework/web/CController.php(1145): CFilter->filter(Object(CFilterChain))
#8 /opt/lampp/htdocs/projects/timeTable/framework/web/filters/CInlineFilter.php(58): CController->filterAccessControl(Object(CFilterChain))
#9 /opt/lampp/htdocs/projects/timeTable/framework/web/filters/CFilterChain.php(130): CInlineFilter->filter(Object(CFilterChain))
#10 /opt/lampp/htdocs/projects/timeTable/framework/web/CController.php(291): CFilterChain->run()
#11 /opt/lampp/htdocs/projects/timeTable/framework/web/CController.php(265): CController->runActionWithFilters(Object(CInlineAction), Array)
#12 /opt/lampp/htdocs/projects/timeTable/framework/web/CWebApplication.php(282): CController->run('')
#13 /opt/lampp/htdocs/projects/timeTable/framework/web/CWebApplication.php(141): CWebApplication->runController('lesson')
#14 /opt/lampp/htdocs/projects/timeTable/framework/base/CApplication.php(180): CWebApplication->processRequest()
#15 /opt/lampp/htdocs/projects/timeTable/index.php(15): CApplication->run()
#16 {main}
REQUEST_URI=/lesson
HTTP_REFERER=http://timetable.dev/
---
2015/05/10 15:21:41 [error] [exception.CDbException] exception 'CDbException' with message 'CDbConnection failed to open the DB connection: SQLSTATE[08006] [7] FATAL:  no pg_hba.conf entry for host "213.230.77.93", user "xdzkljkowyigcy", database "d482a7prsubscl", SSL off' in /opt/lampp/htdocs/projects/timeTable/framework/db/CDbConnection.php:382
Stack trace:
#0 /opt/lampp/htdocs/projects/timeTable/framework/db/CDbConnection.php(330): CDbConnection->open()
#1 /opt/lampp/htdocs/projects/timeTable/framework/db/CDbConnection.php(308): CDbConnection->setActive(true)
#2 /opt/lampp/htdocs/projects/timeTable/framework/base/CModule.php(387): CDbConnection->init()
#3 /opt/lampp/htdocs/projects/timeTable/framework/base/CApplication.php(450): CModule->getComponent('db')
#4 /opt/lampp/htdocs/projects/timeTable/framework/db/ar/CActiveRecord.php(634): CApplication->getDb()
#5 /opt/lampp/htdocs/projects/timeTable/framework/db/ar/CActiveRecord.php(2361): CActiveRecord->getDbConnection()
#6 /opt/lampp/htdocs/projects/timeTable/framework/db/ar/CActiveRecord.php(411): CActiveRecordMetaData->__construct(Object(Lesson))
#7 /opt/lampp/htdocs/projects/timeTable/framework/db/ar/CActiveRecord.php(79): CActiveRecord->getMetaData()
#8 /opt/lampp/htdocs/projects/timeTable/protected/controllers/LessonController.php(136): CActiveRecord->__construct('search')
#9 /opt/lampp/htdocs/projects/timeTable/framework/web/actions/CInlineAction.php(49): LessonController->actionAdmin()
#10 /opt/lampp/htdocs/projects/timeTable/framework/web/CController.php(308): CInlineAction->runWithParams(Array)
#11 /opt/lampp/htdocs/projects/timeTable/framework/web/filters/CFilterChain.php(133): CController->runAction(Object(CInlineAction))
#12 /opt/lampp/htdocs/projects/timeTable/framework/web/filters/CFilter.php(40): CFilterChain->run()
#13 /opt/lampp/htdocs/projects/timeTable/framework/web/CController.php(1145): CFilter->filter(Object(CFilterChain))
#14 /opt/lampp/htdocs/projects/timeTable/framework/web/filters/CInlineFilter.php(58): CController->filterAccessControl(Object(CFilterChain))
#15 /opt/lampp/htdocs/projects/timeTable/framework/web/filters/CFilterChain.php(130): CInlineFilter->filter(Object(CFilterChain))
#16 /opt/lampp/htdocs/projects/timeTable/framework/web/CController.php(291): CFilterChain->run()
#17 /opt/lampp/htdocs/projects/timeTable/framework/web/CController.php(265): CController->runActionWithFilters(Object(CInlineAction), Array)
#18 /opt/lampp/htdocs/projects/timeTable/framework/web/CWebApplication.php(282): CController->run('')
#19 /opt/lampp/htdocs/projects/timeTable/framework/web/CWebApplication.php(141): CWebApplication->runController('lesson')
#20 /opt/lampp/htdocs/projects/timeTable/framework/base/CApplication.php(180): CWebApplication->processRequest()
#21 /opt/lampp/htdocs/projects/timeTable/index.php(15): CApplication->run()
#22 {main}
REQUEST_URI=/lesson
HTTP_REFERER=http://timetable.dev/room
---
2015/05/10 15:23:13 [error] [exception.CDbException] exception 'CDbException' with message 'CDbConnection failed to open the DB connection: SQLSTATE[08006] [7] FATAL:  no pg_hba.conf entry for host "213.230.77.93", user "xdzkljkowyigcy", database "d482a7prsubscl", SSL off' in /opt/lampp/htdocs/projects/timeTable/framework/db/CDbConnection.php:382
Stack trace:
#0 /opt/lampp/htdocs/projects/timeTable/framework/db/CDbConnection.php(330): CDbConnection->open()
#1 /opt/lampp/htdocs/projects/timeTable/framework/db/CDbConnection.php(308): CDbConnection->setActive(true)
#2 /opt/lampp/htdocs/projects/timeTable/framework/base/CModule.php(387): CDbConnection->init()
#3 /opt/lampp/htdocs/projects/timeTable/framework/base/CApplication.php(450): CModule->getComponent('db')
#4 /opt/lampp/htdocs/projects/timeTable/framework/db/ar/CActiveRecord.php(634): CApplication->getDb()
#5 /opt/lampp/htdocs/projects/timeTable/framework/db/ar/CActiveRecord.php(2361): CActiveRecord->getDbConnection()
#6 /opt/lampp/htdocs/projects/timeTable/framework/db/ar/CActiveRecord.php(411): CActiveRecordMetaData->__construct(Object(Lesson))
#7 /opt/lampp/htdocs/projects/timeTable/framework/db/ar/CActiveRecord.php(79): CActiveRecord->getMetaData()
#8 /opt/lampp/htdocs/projects/timeTable/protected/controllers/LessonController.php(136): CActiveRecord->__construct('search')
#9 /opt/lampp/htdocs/projects/timeTable/framework/web/actions/CInlineAction.php(49): LessonController->actionAdmin()
#10 /opt/lampp/htdocs/projects/timeTable/framework/web/CController.php(308): CInlineAction->runWithParams(Array)
#11 /opt/lampp/htdocs/projects/timeTable/framework/web/filters/CFilterChain.php(133): CController->runAction(Object(CInlineAction))
#12 /opt/lampp/htdocs/projects/timeTable/framework/web/filters/CFilter.php(40): CFilterChain->run()
#13 /opt/lampp/htdocs/projects/timeTable/framework/web/CController.php(1145): CFilter->filter(Object(CFilterChain))
#14 /opt/lampp/htdocs/projects/timeTable/framework/web/filters/CInlineFilter.php(58): CController->filterAccessControl(Object(CFilterChain))
#15 /opt/lampp/htdocs/projects/timeTable/framework/web/filters/CFilterChain.php(130): CInlineFilter->filter(Object(CFilterChain))
#16 /opt/lampp/htdocs/projects/timeTable/framework/web/CController.php(291): CFilterChain->run()
#17 /opt/lampp/htdocs/projects/timeTable/framework/web/CController.php(265): CController->runActionWithFilters(Object(CInlineAction), Array)
#18 /opt/lampp/htdocs/projects/timeTable/framework/web/CWebApplication.php(282): CController->run('')
#19 /opt/lampp/htdocs/projects/timeTable/framework/web/CWebApplication.php(141): CWebApplication->runController('lesson')
#20 /opt/lampp/htdocs/projects/timeTable/framework/base/CApplication.php(180): CWebApplication->processRequest()
#21 /opt/lampp/htdocs/projects/timeTable/index.php(15): CApplication->run()
#22 {main}
REQUEST_URI=/lesson
HTTP_REFERER=http://timetable.dev/room
---
2015/05/10 15:23:57 [error] [exception.CDbException] exception 'CDbException' with message 'CDbConnection failed to open the DB connection: could not find driver' in /opt/lampp/htdocs/projects/timeTable/framework/db/CDbConnection.php:382
Stack trace:
#0 /opt/lampp/htdocs/projects/timeTable/framework/db/CDbConnection.php(330): CDbConnection->open()
#1 /opt/lampp/htdocs/projects/timeTable/framework/db/CDbConnection.php(308): CDbConnection->setActive(true)
#2 /opt/lampp/htdocs/projects/timeTable/framework/base/CModule.php(387): CDbConnection->init()
#3 /opt/lampp/htdocs/projects/timeTable/framework/base/CApplication.php(450): CModule->getComponent('db')
#4 /opt/lampp/htdocs/projects/timeTable/framework/db/ar/CActiveRecord.php(634): CApplication->getDb()
#5 /opt/lampp/htdocs/projects/timeTable/framework/db/ar/CActiveRecord.php(2361): CActiveRecord->getDbConnection()
#6 /opt/lampp/htdocs/projects/timeTable/framework/db/ar/CActiveRecord.php(411): CActiveRecordMetaData->__construct(Object(Lesson))
#7 /opt/lampp/htdocs/projects/timeTable/framework/db/ar/CActiveRecord.php(79): CActiveRecord->getMetaData()
#8 /opt/lampp/htdocs/projects/timeTable/protected/controllers/LessonController.php(136): CActiveRecord->__construct('search')
#9 /opt/lampp/htdocs/projects/timeTable/framework/web/actions/CInlineAction.php(49): LessonController->actionAdmin()
#10 /opt/lampp/htdocs/projects/timeTable/framework/web/CController.php(308): CInlineAction->runWithParams(Array)
#11 /opt/lampp/htdocs/projects/timeTable/framework/web/filters/CFilterChain.php(133): CController->runAction(Object(CInlineAction))
#12 /opt/lampp/htdocs/projects/timeTable/framework/web/filters/CFilter.php(40): CFilterChain->run()
#13 /opt/lampp/htdocs/projects/timeTable/framework/web/CController.php(1145): CFilter->filter(Object(CFilterChain))
#14 /opt/lampp/htdocs/projects/timeTable/framework/web/filters/CInlineFilter.php(58): CController->filterAccessControl(Object(CFilterChain))
#15 /opt/lampp/htdocs/projects/timeTable/framework/web/filters/CFilterChain.php(130): CInlineFilter->filter(Object(CFilterChain))
#16 /opt/lampp/htdocs/projects/timeTable/framework/web/CController.php(291): CFilterChain->run()
#17 /opt/lampp/htdocs/projects/timeTable/framework/web/CController.php(265): CController->runActionWithFilters(Object(CInlineAction), Array)
#18 /opt/lampp/htdocs/projects/timeTable/framework/web/CWebApplication.php(282): CController->run('')
#19 /opt/lampp/htdocs/projects/timeTable/framework/web/CWebApplication.php(141): CWebApplication->runController('lesson')
#20 /opt/lampp/htdocs/projects/timeTable/framework/base/CApplication.php(180): CWebApplication->processRequest()
#21 /opt/lampp/htdocs/projects/timeTable/index.php(15): CApplication->run()
#22 {main}
REQUEST_URI=/lesson
HTTP_REFERER=http://timetable.dev/room
---
2015/05/10 15:24:05 [error] [exception.CDbException] exception 'CDbException' with message 'CDbConnection failed to open the DB connection: could not find driver' in /opt/lampp/htdocs/projects/timeTable/framework/db/CDbConnection.php:382
Stack trace:
#0 /opt/lampp/htdocs/projects/timeTable/framework/db/CDbConnection.php(330): CDbConnection->open()
#1 /opt/lampp/htdocs/projects/timeTable/framework/db/CDbConnection.php(308): CDbConnection->setActive(true)
#2 /opt/lampp/htdocs/projects/timeTable/framework/base/CModule.php(387): CDbConnection->init()
#3 /opt/lampp/htdocs/projects/timeTable/framework/base/CApplication.php(450): CModule->getComponent('db')
#4 /opt/lampp/htdocs/projects/timeTable/framework/db/ar/CActiveRecord.php(634): CApplication->getDb()
#5 /opt/lampp/htdocs/projects/timeTable/framework/db/ar/CActiveRecord.php(2361): CActiveRecord->getDbConnection()
#6 /opt/lampp/htdocs/projects/timeTable/framework/db/ar/CActiveRecord.php(411): CActiveRecordMetaData->__construct(Object(Lesson))
#7 /opt/lampp/htdocs/projects/timeTable/framework/db/ar/CActiveRecord.php(79): CActiveRecord->getMetaData()
#8 /opt/lampp/htdocs/projects/timeTable/protected/controllers/LessonController.php(136): CActiveRecord->__construct('search')
#9 /opt/lampp/htdocs/projects/timeTable/framework/web/actions/CInlineAction.php(49): LessonController->actionAdmin()
#10 /opt/lampp/htdocs/projects/timeTable/framework/web/CController.php(308): CInlineAction->runWithParams(Array)
#11 /opt/lampp/htdocs/projects/timeTable/framework/web/filters/CFilterChain.php(133): CController->runAction(Object(CInlineAction))
#12 /opt/lampp/htdocs/projects/timeTable/framework/web/filters/CFilter.php(40): CFilterChain->run()
#13 /opt/lampp/htdocs/projects/timeTable/framework/web/CController.php(1145): CFilter->filter(Object(CFilterChain))
#14 /opt/lampp/htdocs/projects/timeTable/framework/web/filters/CInlineFilter.php(58): CController->filterAccessControl(Object(CFilterChain))
#15 /opt/lampp/htdocs/projects/timeTable/framework/web/filters/CFilterChain.php(130): CInlineFilter->filter(Object(CFilterChain))
#16 /opt/lampp/htdocs/projects/timeTable/framework/web/CController.php(291): CFilterChain->run()
#17 /opt/lampp/htdocs/projects/timeTable/framework/web/CController.php(265): CController->runActionWithFilters(Object(CInlineAction), Array)
#18 /opt/lampp/htdocs/projects/timeTable/framework/web/CWebApplication.php(282): CController->run('')
#19 /opt/lampp/htdocs/projects/timeTable/framework/web/CWebApplication.php(141): CWebApplication->runController('lesson')
#20 /opt/lampp/htdocs/projects/timeTable/framework/base/CApplication.php(180): CWebApplication->processRequest()
#21 /opt/lampp/htdocs/projects/timeTable/index.php(15): CApplication->run()
#22 {main}
REQUEST_URI=/lesson
HTTP_REFERER=http://timetable.dev/room
---
